::1 - - [15/Sep/2018:01:30:34 +0000] "GET / HTTP/1.1" 404 139 "-" "Mozilla/5.0 (Macintosh; Intel Mac OS X 10_12_6) AppleWebKit/537.36 (KHTML, like Gecko) Chrome/69.0.3497.92 Safari/537.36"
::1 - - [15/Sep/2018:01:30:34 +0000] "GET /favicon.ico HTTP/1.1" 404 150 "http://localhost:3000/" "Mozilla/5.0 (Macintosh; Intel Mac OS X 10_12_6) AppleWebKit/537.36 (KHTML, like Gecko) Chrome/69.0.3497.92 Safari/537.36"
::1 - - [15/Sep/2018:16:01:47 +0000] "GET / HTTP/1.1" 302 60 "-" "Mozilla/5.0 (Macintosh; Intel Mac OS X 10_12_6) AppleWebKit/537.36 (KHTML, like Gecko) Chrome/69.0.3497.92 Safari/537.36"
::1 - - [15/Sep/2018:20:41:41 +0000] "GET / HTTP/1.1" 302 60 "-" "Mozilla/5.0 (Macintosh; Intel Mac OS X 10_12_6) AppleWebKit/537.36 (KHTML, like Gecko) Chrome/69.0.3497.92 Safari/537.36"
::1 - - [15/Sep/2018:20:41:41 +0000] "GET /burgers HTTP/1.1" 200 1910 "-" "Mozilla/5.0 (Macintosh; Intel Mac OS X 10_12_6) AppleWebKit/537.36 (KHTML, like Gecko) Chrome/69.0.3497.92 Safari/537.36"
::1 - - [15/Sep/2018:20:41:41 +0000] "GET /static/assets/img/cuteBurger.jpg HTTP/1.1" 404 171 "http://localhost:3000/burgers" "Mozilla/5.0 (Macintosh; Intel Mac OS X 10_12_6) AppleWebKit/537.36 (KHTML, like Gecko) Chrome/69.0.3497.92 Safari/537.36"
::1 - - [15/Sep/2018:20:42:03 +0000] "POST /burgers/create HTTP/1.1" 302 46 "http://localhost:3000/burgers" "Mozilla/5.0 (Macintosh; Intel Mac OS X 10_12_6) AppleWebKit/537.36 (KHTML, like Gecko) Chrome/69.0.3497.92 Safari/537.36"
::1 - - [15/Sep/2018:20:42:03 +0000] "GET / HTTP/1.1" 302 60 "http://localhost:3000/burgers" "Mozilla/5.0 (Macintosh; Intel Mac OS X 10_12_6) AppleWebKit/537.36 (KHTML, like Gecko) Chrome/69.0.3497.92 Safari/537.36"
::1 - - [15/Sep/2018:20:42:03 +0000] "GET /burgers HTTP/1.1" 200 2321 "http://localhost:3000/burgers" "Mozilla/5.0 (Macintosh; Intel Mac OS X 10_12_6) AppleWebKit/537.36 (KHTML, like Gecko) Chrome/69.0.3497.92 Safari/537.36"
::1 - - [15/Sep/2018:20:42:03 +0000] "GET /static/assets/img/cuteBurger.jpg HTTP/1.1" 404 171 "http://localhost:3000/burgers" "Mozilla/5.0 (Macintosh; Intel Mac OS X 10_12_6) AppleWebKit/537.36 (KHTML, like Gecko) Chrome/69.0.3497.92 Safari/537.36"
::1 - - [15/Sep/2018:20:42:09 +0000] "PUT /burgers/update?_method=PUT HTTP/1.1" 302 46 "http://localhost:3000/burgers" "Mozilla/5.0 (Macintosh; Intel Mac OS X 10_12_6) AppleWebKit/537.36 (KHTML, like Gecko) Chrome/69.0.3497.92 Safari/537.36"
::1 - - [15/Sep/2018:20:42:09 +0000] "GET / HTTP/1.1" 302 60 "http://localhost:3000/burgers" "Mozilla/5.0 (Macintosh; Intel Mac OS X 10_12_6) AppleWebKit/537.36 (KHTML, like Gecko) Chrome/69.0.3497.92 Safari/537.36"
::1 - - [15/Sep/2018:20:42:09 +0000] "GET /burgers HTTP/1.1" 200 2003 "http://localhost:3000/burgers" "Mozilla/5.0 (Macintosh; Intel Mac OS X 10_12_6) AppleWebKit/537.36 (KHTML, like Gecko) Chrome/69.0.3497.92 Safari/537.36"
::1 - - [15/Sep/2018:20:42:09 +0000] "GET /static/assets/img/cuteBurger.jpg HTTP/1.1" 404 171 "http://localhost:3000/burgers" "Mozilla/5.0 (Macintosh; Intel Mac OS X 10_12_6) AppleWebKit/537.36 (KHTML, like Gecko) Chrome/69.0.3497.92 Safari/537.36"
::1 - - [15/Sep/2018:20:42:16 +0000] "POST /burgers/create HTTP/1.1" 302 46 "http://localhost:3000/burgers" "Mozilla/5.0 (Macintosh; Intel Mac OS X 10_12_6) AppleWebKit/537.36 (KHTML, like Gecko) Chrome/69.0.3497.92 Safari/537.36"
::1 - - [15/Sep/2018:20:42:16 +0000] "GET / HTTP/1.1" 302 60 "http://localhost:3000/burgers" "Mozilla/5.0 (Macintosh; Intel Mac OS X 10_12_6) AppleWebKit/537.36 (KHTML, like Gecko) Chrome/69.0.3497.92 Safari/537.36"
::1 - - [15/Sep/2018:20:42:16 +0000] "GET /burgers HTTP/1.1" 200 2403 "http://localhost:3000/burgers" "Mozilla/5.0 (Macintosh; Intel Mac OS X 10_12_6) AppleWebKit/537.36 (KHTML, like Gecko) Chrome/69.0.3497.92 Safari/537.36"
::1 - - [15/Sep/2018:20:42:16 +0000] "GET /static/assets/img/cuteBurger.jpg HTTP/1.1" 404 171 "http://localhost:3000/burgers" "Mozilla/5.0 (Macintosh; Intel Mac OS X 10_12_6) AppleWebKit/537.36 (KHTML, like Gecko) Chrome/69.0.3497.92 Safari/537.36"
::1 - - [15/Sep/2018:20:42:18 +0000] "PUT /burgers/update?_method=PUT HTTP/1.1" 302 46 "http://localhost:3000/burgers" "Mozilla/5.0 (Macintosh; Intel Mac OS X 10_12_6) AppleWebKit/537.36 (KHTML, like Gecko) Chrome/69.0.3497.92 Safari/537.36"
::1 - - [15/Sep/2018:20:42:18 +0000] "GET / HTTP/1.1" 302 60 "http://localhost:3000/burgers" "Mozilla/5.0 (Macintosh; Intel Mac OS X 10_12_6) AppleWebKit/537.36 (KHTML, like Gecko) Chrome/69.0.3497.92 Safari/537.36"
::1 - - [15/Sep/2018:20:42:18 +0000] "GET /burgers HTTP/1.1" 200 2085 "http://localhost:3000/burgers" "Mozilla/5.0 (Macintosh; Intel Mac OS X 10_12_6) AppleWebKit/537.36 (KHTML, like Gecko) Chrome/69.0.3497.92 Safari/537.36"
::1 - - [15/Sep/2018:20:42:18 +0000] "GET /static/assets/img/cuteBurger.jpg HTTP/1.1" 404 171 "http://localhost:3000/burgers" "Mozilla/5.0 (Macintosh; Intel Mac OS X 10_12_6) AppleWebKit/537.36 (KHTML, like Gecko) Chrome/69.0.3497.92 Safari/537.36"
::1 - - [15/Sep/2018:20:42:24 +0000] "GET /burgers HTTP/1.1" 304 - "http://localhost:3000/burgers" "Mozilla/5.0 (Macintosh; Intel Mac OS X 10_12_6) AppleWebKit/537.36 (KHTML, like Gecko) Chrome/69.0.3497.92 Safari/537.36"
::1 - - [15/Sep/2018:20:42:24 +0000] "GET /static/assets/img/cuteBurger.jpg HTTP/1.1" 404 171 "http://localhost:3000/burgers" "Mozilla/5.0 (Macintosh; Intel Mac OS X 10_12_6) AppleWebKit/537.36 (KHTML, like Gecko) Chrome/69.0.3497.92 Safari/537.36"
::1 - - [15/Sep/2018:20:42:25 +0000] "GET /burgers HTTP/1.1" 304 - "http://localhost:3000/burgers" "Mozilla/5.0 (Macintosh; Intel Mac OS X 10_12_6) AppleWebKit/537.36 (KHTML, like Gecko) Chrome/69.0.3497.92 Safari/537.36"
::1 - - [15/Sep/2018:20:42:25 +0000] "GET /static/assets/img/cuteBurger.jpg HTTP/1.1" 404 171 "http://localhost:3000/burgers" "Mozilla/5.0 (Macintosh; Intel Mac OS X 10_12_6) AppleWebKit/537.36 (KHTML, like Gecko) Chrome/69.0.3497.92 Safari/537.36"
::1 - - [15/Sep/2018:20:47:37 +0000] "GET /burgers HTTP/1.1" 200 3298 "http://localhost:3000/burgers" "Mozilla/5.0 (Macintosh; Intel Mac OS X 10_12_6) AppleWebKit/537.36 (KHTML, like Gecko) Chrome/69.0.3497.92 Safari/537.36"
::1 - - [15/Sep/2018:20:47:37 +0000] "GET /static/assets/img/cuteBurger.jpg HTTP/1.1" 404 171 "http://localhost:3000/burgers" "Mozilla/5.0 (Macintosh; Intel Mac OS X 10_12_6) AppleWebKit/537.36 (KHTML, like Gecko) Chrome/69.0.3497.92 Safari/537.36"
::1 - - [15/Sep/2018:20:47:42 +0000] "PUT /burgers/update?_method=PUT HTTP/1.1" 302 46 "http://localhost:3000/burgers" "Mozilla/5.0 (Macintosh; Intel Mac OS X 10_12_6) AppleWebKit/537.36 (KHTML, like Gecko) Chrome/69.0.3497.92 Safari/537.36"
::1 - - [15/Sep/2018:20:47:42 +0000] "GET / HTTP/1.1" 302 60 "http://localhost:3000/burgers" "Mozilla/5.0 (Macintosh; Intel Mac OS X 10_12_6) AppleWebKit/537.36 (KHTML, like Gecko) Chrome/69.0.3497.92 Safari/537.36"
::1 - - [15/Sep/2018:20:47:42 +0000] "GET /burgers HTTP/1.1" 200 2980 "http://localhost:3000/burgers" "Mozilla/5.0 (Macintosh; Intel Mac OS X 10_12_6) AppleWebKit/537.36 (KHTML, like Gecko) Chrome/69.0.3497.92 Safari/537.36"
::1 - - [15/Sep/2018:20:47:42 +0000] "GET /static/assets/img/cuteBurger.jpg HTTP/1.1" 404 171 "http://localhost:3000/burgers" "Mozilla/5.0 (Macintosh; Intel Mac OS X 10_12_6) AppleWebKit/537.36 (KHTML, like Gecko) Chrome/69.0.3497.92 Safari/537.36"
::1 - - [15/Sep/2018:20:47:43 +0000] "PUT /burgers/update?_method=PUT HTTP/1.1" 302 46 "http://localhost:3000/burgers" "Mozilla/5.0 (Macintosh; Intel Mac OS X 10_12_6) AppleWebKit/537.36 (KHTML, like Gecko) Chrome/69.0.3497.92 Safari/537.36"
::1 - - [15/Sep/2018:20:47:43 +0000] "GET / HTTP/1.1" 302 60 "http://localhost:3000/burgers" "Mozilla/5.0 (Macintosh; Intel Mac OS X 10_12_6) AppleWebKit/537.36 (KHTML, like Gecko) Chrome/69.0.3497.92 Safari/537.36"
::1 - - [15/Sep/2018:20:47:43 +0000] "GET /burgers HTTP/1.1" 200 2662 "http://localhost:3000/burgers" "Mozilla/5.0 (Macintosh; Intel Mac OS X 10_12_6) AppleWebKit/537.36 (KHTML, like Gecko) Chrome/69.0.3497.92 Safari/537.36"
::1 - - [15/Sep/2018:20:47:43 +0000] "GET /static/assets/img/cuteBurger.jpg HTTP/1.1" 404 171 "http://localhost:3000/burgers" "Mozilla/5.0 (Macintosh; Intel Mac OS X 10_12_6) AppleWebKit/537.36 (KHTML, like Gecko) Chrome/69.0.3497.92 Safari/537.36"
::1 - - [15/Sep/2018:20:47:45 +0000] "PUT /burgers/update?_method=PUT HTTP/1.1" 302 46 "http://localhost:3000/burgers" "Mozilla/5.0 (Macintosh; Intel Mac OS X 10_12_6) AppleWebKit/537.36 (KHTML, like Gecko) Chrome/69.0.3497.92 Safari/537.36"
::1 - - [15/Sep/2018:20:47:45 +0000] "GET / HTTP/1.1" 302 60 "http://localhost:3000/burgers" "Mozilla/5.0 (Macintosh; Intel Mac OS X 10_12_6) AppleWebKit/537.36 (KHTML, like Gecko) Chrome/69.0.3497.92 Safari/537.36"
::1 - - [15/Sep/2018:20:47:45 +0000] "GET /burgers HTTP/1.1" 200 2344 "http://localhost:3000/burgers" "Mozilla/5.0 (Macintosh; Intel Mac OS X 10_12_6) AppleWebKit/537.36 (KHTML, like Gecko) Chrome/69.0.3497.92 Safari/537.36"
::1 - - [15/Sep/2018:20:47:45 +0000] "GET /static/assets/img/cuteBurger.jpg HTTP/1.1" 404 171 "http://localhost:3000/burgers" "Mozilla/5.0 (Macintosh; Intel Mac OS X 10_12_6) AppleWebKit/537.36 (KHTML, like Gecko) Chrome/69.0.3497.92 Safari/537.36"
::1 - - [16/Sep/2018:19:39:44 +0000] "GET / HTTP/1.1" 302 60 "-" "Mozilla/5.0 (Macintosh; Intel Mac OS X 10_12_6) AppleWebKit/537.36 (KHTML, like Gecko) Chrome/69.0.3497.92 Safari/537.36"
::1 - - [16/Sep/2018:19:39:44 +0000] "GET /burgers HTTP/1.1" 200 2344 "-" "Mozilla/5.0 (Macintosh; Intel Mac OS X 10_12_6) AppleWebKit/537.36 (KHTML, like Gecko) Chrome/69.0.3497.92 Safari/537.36"
::1 - - [16/Sep/2018:19:39:44 +0000] "GET /static/assets/img/cuteBurger.jpg HTTP/1.1" 404 171 "http://localhost:3000/burgers" "Mozilla/5.0 (Macintosh; Intel Mac OS X 10_12_6) AppleWebKit/537.36 (KHTML, like Gecko) Chrome/69.0.3497.92 Safari/537.36"
::1 - - [16/Sep/2018:19:39:58 +0000] "GET / HTTP/1.1" 302 60 "-" "Mozilla/5.0 (Macintosh; Intel Mac OS X 10_12_6) AppleWebKit/537.36 (KHTML, like Gecko) Chrome/69.0.3497.92 Safari/537.36"
::1 - - [16/Sep/2018:19:39:58 +0000] "GET /burgers HTTP/1.1" 304 - "-" "Mozilla/5.0 (Macintosh; Intel Mac OS X 10_12_6) AppleWebKit/537.36 (KHTML, like Gecko) Chrome/69.0.3497.92 Safari/537.36"
::1 - - [16/Sep/2018:19:39:58 +0000] "GET /static/assets/img/cuteBurger.jpg HTTP/1.1" 404 171 "http://localhost:3000/burgers" "Mozilla/5.0 (Macintosh; Intel Mac OS X 10_12_6) AppleWebKit/537.36 (KHTML, like Gecko) Chrome/69.0.3497.92 Safari/537.36"
::1 - - [16/Sep/2018:19:42:27 +0000] "GET /burgers/post HTTP/1.1" 404 151 "-" "Mozilla/5.0 (Macintosh; Intel Mac OS X 10_12_6) AppleWebKit/537.36 (KHTML, like Gecko) Chrome/69.0.3497.92 Safari/537.36"
::1 - - [16/Sep/2018:19:42:36 +0000] "GET /burgers/create HTTP/1.1" 404 153 "-" "Mozilla/5.0 (Macintosh; Intel Mac OS X 10_12_6) AppleWebKit/537.36 (KHTML, like Gecko) Chrome/69.0.3497.92 Safari/537.36"
::1 - - [16/Sep/2018:19:51:19 +0000] "GET / HTTP/1.1" 302 60 "-" "Mozilla/5.0 (Macintosh; Intel Mac OS X 10_12_6) AppleWebKit/537.36 (KHTML, like Gecko) Chrome/69.0.3497.92 Safari/537.36"
::1 - - [16/Sep/2018:19:51:19 +0000] "GET /burgers HTTP/1.1" 304 - "-" "Mozilla/5.0 (Macintosh; Intel Mac OS X 10_12_6) AppleWebKit/537.36 (KHTML, like Gecko) Chrome/69.0.3497.92 Safari/537.36"
::1 - - [16/Sep/2018:19:51:19 +0000] "GET /static/assets/img/cuteBurger.jpg HTTP/1.1" 404 171 "http://localhost:3000/burgers" "Mozilla/5.0 (Macintosh; Intel Mac OS X 10_12_6) AppleWebKit/537.36 (KHTML, like Gecko) Chrome/69.0.3497.92 Safari/537.36"
::1 - - [16/Sep/2018:19:59:42 +0000] "GET /burgers HTTP/1.1" 200 2345 "-" "Mozilla/5.0 (Macintosh; Intel Mac OS X 10_12_6) AppleWebKit/537.36 (KHTML, like Gecko) Chrome/69.0.3497.92 Safari/537.36"
::1 - - [16/Sep/2018:19:59:42 +0000] "GET /public/assets/img/cuteBurger.jpg HTTP/1.1" 404 171 "http://localhost:3000/burgers" "Mozilla/5.0 (Macintosh; Intel Mac OS X 10_12_6) AppleWebKit/537.36 (KHTML, like Gecko) Chrome/69.0.3497.92 Safari/537.36"
::1 - - [16/Sep/2018:19:59:43 +0000] "GET /burgers HTTP/1.1" 304 - "-" "Mozilla/5.0 (Macintosh; Intel Mac OS X 10_12_6) AppleWebKit/537.36 (KHTML, like Gecko) Chrome/69.0.3497.92 Safari/537.36"
::1 - - [16/Sep/2018:19:59:43 +0000] "GET /public/assets/img/cuteBurger.jpg HTTP/1.1" 404 171 "http://localhost:3000/burgers" "Mozilla/5.0 (Macintosh; Intel Mac OS X 10_12_6) AppleWebKit/537.36 (KHTML, like Gecko) Chrome/69.0.3497.92 Safari/537.36"
::1 - - [16/Sep/2018:19:59:44 +0000] "GET /burgers HTTP/1.1" 304 - "-" "Mozilla/5.0 (Macintosh; Intel Mac OS X 10_12_6) AppleWebKit/537.36 (KHTML, like Gecko) Chrome/69.0.3497.92 Safari/537.36"
::1 - - [16/Sep/2018:19:59:44 +0000] "GET /public/assets/img/cuteBurger.jpg HTTP/1.1" 404 171 "http://localhost:3000/burgers" "Mozilla/5.0 (Macintosh; Intel Mac OS X 10_12_6) AppleWebKit/537.36 (KHTML, like Gecko) Chrome/69.0.3497.92 Safari/537.36"
::1 - - [16/Sep/2018:19:59:44 +0000] "GET /burgers HTTP/1.1" 304 - "-" "Mozilla/5.0 (Macintosh; Intel Mac OS X 10_12_6) AppleWebKit/537.36 (KHTML, like Gecko) Chrome/69.0.3497.92 Safari/537.36"
::1 - - [16/Sep/2018:19:59:44 +0000] "GET /public/assets/img/cuteBurger.jpg HTTP/1.1" 404 171 "http://localhost:3000/burgers" "Mozilla/5.0 (Macintosh; Intel Mac OS X 10_12_6) AppleWebKit/537.36 (KHTML, like Gecko) Chrome/69.0.3497.92 Safari/537.36"
::1 - - [16/Sep/2018:19:59:44 +0000] "GET /burgers HTTP/1.1" 304 - "-" "Mozilla/5.0 (Macintosh; Intel Mac OS X 10_12_6) AppleWebKit/537.36 (KHTML, like Gecko) Chrome/69.0.3497.92 Safari/537.36"
::1 - - [16/Sep/2018:19:59:44 +0000] "GET /public/assets/img/cuteBurger.jpg HTTP/1.1" 404 171 "http://localhost:3000/burgers" "Mozilla/5.0 (Macintosh; Intel Mac OS X 10_12_6) AppleWebKit/537.36 (KHTML, like Gecko) Chrome/69.0.3497.92 Safari/537.36"
::1 - - [16/Sep/2018:19:59:44 +0000] "GET /burgers HTTP/1.1" 304 - "-" "Mozilla/5.0 (Macintosh; Intel Mac OS X 10_12_6) AppleWebKit/537.36 (KHTML, like Gecko) Chrome/69.0.3497.92 Safari/537.36"
::1 - - [16/Sep/2018:19:59:44 +0000] "GET /public/assets/img/cuteBurger.jpg HTTP/1.1" 404 171 "http://localhost:3000/burgers" "Mozilla/5.0 (Macintosh; Intel Mac OS X 10_12_6) AppleWebKit/537.36 (KHTML, like Gecko) Chrome/69.0.3497.92 Safari/537.36"
::1 - - [16/Sep/2018:19:59:45 +0000] "GET /burgers HTTP/1.1" 304 - "-" "Mozilla/5.0 (Macintosh; Intel Mac OS X 10_12_6) AppleWebKit/537.36 (KHTML, like Gecko) Chrome/69.0.3497.92 Safari/537.36"
::1 - - [16/Sep/2018:19:59:45 +0000] "GET /public/assets/img/cuteBurger.jpg HTTP/1.1" 404 171 "http://localhost:3000/burgers" "Mozilla/5.0 (Macintosh; Intel Mac OS X 10_12_6) AppleWebKit/537.36 (KHTML, like Gecko) Chrome/69.0.3497.92 Safari/537.36"
::1 - - [16/Sep/2018:19:59:45 +0000] "GET /burgers HTTP/1.1" 304 - "-" "Mozilla/5.0 (Macintosh; Intel Mac OS X 10_12_6) AppleWebKit/537.36 (KHTML, like Gecko) Chrome/69.0.3497.92 Safari/537.36"
::1 - - [16/Sep/2018:19:59:45 +0000] "GET /public/assets/img/cuteBurger.jpg HTTP/1.1" 404 171 "http://localhost:3000/burgers" "Mozilla/5.0 (Macintosh; Intel Mac OS X 10_12_6) AppleWebKit/537.36 (KHTML, like Gecko) Chrome/69.0.3497.92 Safari/537.36"
::1 - - [16/Sep/2018:19:59:45 +0000] "GET /burgers HTTP/1.1" 304 - "-" "Mozilla/5.0 (Macintosh; Intel Mac OS X 10_12_6) AppleWebKit/537.36 (KHTML, like Gecko) Chrome/69.0.3497.92 Safari/537.36"
::1 - - [16/Sep/2018:19:59:45 +0000] "GET /public/assets/img/cuteBurger.jpg HTTP/1.1" 404 171 "http://localhost:3000/burgers" "Mozilla/5.0 (Macintosh; Intel Mac OS X 10_12_6) AppleWebKit/537.36 (KHTML, like Gecko) Chrome/69.0.3497.92 Safari/537.36"
::1 - - [16/Sep/2018:19:59:45 +0000] "GET /burgers HTTP/1.1" 304 - "-" "Mozilla/5.0 (Macintosh; Intel Mac OS X 10_12_6) AppleWebKit/537.36 (KHTML, like Gecko) Chrome/69.0.3497.92 Safari/537.36"
::1 - - [16/Sep/2018:19:59:45 +0000] "GET /public/assets/img/cuteBurger.jpg HTTP/1.1" 404 171 "http://localhost:3000/burgers" "Mozilla/5.0 (Macintosh; Intel Mac OS X 10_12_6) AppleWebKit/537.36 (KHTML, like Gecko) Chrome/69.0.3497.92 Safari/537.36"
::1 - - [16/Sep/2018:19:59:59 +0000] "GET /burgers HTTP/1.1" 200 2344 "-" "Mozilla/5.0 (Macintosh; Intel Mac OS X 10_12_6) AppleWebKit/537.36 (KHTML, like Gecko) Chrome/69.0.3497.92 Safari/537.36"
::1 - - [16/Sep/2018:19:59:59 +0000] "GET /public/assets/img/cuteBurger.jpg HTTP/1.1" 404 171 "http://localhost:3000/burgers" "Mozilla/5.0 (Macintosh; Intel Mac OS X 10_12_6) AppleWebKit/537.36 (KHTML, like Gecko) Chrome/69.0.3497.92 Safari/537.36"
::1 - - [16/Sep/2018:20:00:00 +0000] "GET /burgers HTTP/1.1" 304 - "-" "Mozilla/5.0 (Macintosh; Intel Mac OS X 10_12_6) AppleWebKit/537.36 (KHTML, like Gecko) Chrome/69.0.3497.92 Safari/537.36"
::1 - - [16/Sep/2018:20:00:00 +0000] "GET /public/assets/img/cuteBurger.jpg HTTP/1.1" 404 171 "http://localhost:3000/burgers" "Mozilla/5.0 (Macintosh; Intel Mac OS X 10_12_6) AppleWebKit/537.36 (KHTML, like Gecko) Chrome/69.0.3497.92 Safari/537.36"
::1 - - [16/Sep/2018:20:00:00 +0000] "GET /burgers HTTP/1.1" 304 - "-" "Mozilla/5.0 (Macintosh; Intel Mac OS X 10_12_6) AppleWebKit/537.36 (KHTML, like Gecko) Chrome/69.0.3497.92 Safari/537.36"
::1 - - [16/Sep/2018:20:00:00 +0000] "GET /public/assets/img/cuteBurger.jpg HTTP/1.1" 404 171 "http://localhost:3000/burgers" "Mozilla/5.0 (Macintosh; Intel Mac OS X 10_12_6) AppleWebKit/537.36 (KHTML, like Gecko) Chrome/69.0.3497.92 Safari/537.36"
::1 - - [16/Sep/2018:20:00:01 +0000] "GET /burgers HTTP/1.1" 304 - "-" "Mozilla/5.0 (Macintosh; Intel Mac OS X 10_12_6) AppleWebKit/537.36 (KHTML, like Gecko) Chrome/69.0.3497.92 Safari/537.36"
::1 - - [16/Sep/2018:20:00:01 +0000] "GET /public/assets/img/cuteBurger.jpg HTTP/1.1" 404 171 "http://localhost:3000/burgers" "Mozilla/5.0 (Macintosh; Intel Mac OS X 10_12_6) AppleWebKit/537.36 (KHTML, like Gecko) Chrome/69.0.3497.92 Safari/537.36"
::1 - - [16/Sep/2018:20:00:01 +0000] "GET /burgers HTTP/1.1" 304 - "-" "Mozilla/5.0 (Macintosh; Intel Mac OS X 10_12_6) AppleWebKit/537.36 (KHTML, like Gecko) Chrome/69.0.3497.92 Safari/537.36"
::1 - - [16/Sep/2018:20:00:01 +0000] "GET /public/assets/img/cuteBurger.jpg HTTP/1.1" 404 171 "http://localhost:3000/burgers" "Mozilla/5.0 (Macintosh; Intel Mac OS X 10_12_6) AppleWebKit/537.36 (KHTML, like Gecko) Chrome/69.0.3497.92 Safari/537.36"
::1 - - [16/Sep/2018:20:00:01 +0000] "GET /burgers HTTP/1.1" 304 - "-" "Mozilla/5.0 (Macintosh; Intel Mac OS X 10_12_6) AppleWebKit/537.36 (KHTML, like Gecko) Chrome/69.0.3497.92 Safari/537.36"
::1 - - [16/Sep/2018:20:00:01 +0000] "GET /public/assets/img/cuteBurger.jpg HTTP/1.1" 404 171 "http://localhost:3000/burgers" "Mozilla/5.0 (Macintosh; Intel Mac OS X 10_12_6) AppleWebKit/537.36 (KHTML, like Gecko) Chrome/69.0.3497.92 Safari/537.36"
::1 - - [16/Sep/2018:20:01:43 +0000] "GET /burgers HTTP/1.1" 304 - "-" "Mozilla/5.0 (Macintosh; Intel Mac OS X 10_12_6) AppleWebKit/537.36 (KHTML, like Gecko) Chrome/69.0.3497.92 Safari/537.36"
::1 - - [16/Sep/2018:20:01:43 +0000] "GET /public/assets/img/cuteBurger.jpg HTTP/1.1" 404 171 "http://localhost:3000/burgers" "Mozilla/5.0 (Macintosh; Intel Mac OS X 10_12_6) AppleWebKit/537.36 (KHTML, like Gecko) Chrome/69.0.3497.92 Safari/537.36"
::1 - - [16/Sep/2018:20:02:25 +0000] "GET /burgers HTTP/1.1" 200 2262 "-" "Mozilla/5.0 (Macintosh; Intel Mac OS X 10_12_6) AppleWebKit/537.36 (KHTML, like Gecko) Chrome/69.0.3497.92 Safari/537.36"
::1 - - [16/Sep/2018:20:03:50 +0000] "GET /burgers HTTP/1.1" 200 2126 "-" "Mozilla/5.0 (Macintosh; Intel Mac OS X 10_12_6) AppleWebKit/537.36 (KHTML, like Gecko) Chrome/69.0.3497.92 Safari/537.36"
::1 - - [16/Sep/2018:20:05:33 +0000] "GET /burgers HTTP/1.1" 304 - "-" "Mozilla/5.0 (Macintosh; Intel Mac OS X 10_12_6) AppleWebKit/537.36 (KHTML, like Gecko) Chrome/69.0.3497.92 Safari/537.36"
::1 - - [16/Sep/2018:20:07:38 +0000] "GET /burgers HTTP/1.1" 304 - "-" "Mozilla/5.0 (Macintosh; Intel Mac OS X 10_12_6) AppleWebKit/537.36 (KHTML, like Gecko) Chrome/69.0.3497.92 Safari/537.36"
